PawnAndroidApp/app/build/intermediates/manifest_merge_blame_file/debug/manifest-merger-blame-debug-report.txt
1<?xml version="1.0" encoding="utf-8"?>
2<manifest xmlns:android="http://schemas.android.com/apk/res/android"
3    package="com.pawnbroking.app"
4    android:versionCode="1"
5    android:versionName="1.0" >
6
7    <uses-sdk
8        android:minSdkVersion="21"
9        android:targetSdkVersion="34" />
10
11    <uses-permission android:name="android.permission.INTERNET" />
11-->src\main\AndroidManifest.xml:4:5-67
11-->src\main\AndroidManifest.xml:4:22-64
12
13    <permission
13-->[androidx.core:core:1.9.0] AndroidManifest.xml:22:5-24:47
14        android:name="com.pawnbroking.app.DYNAMIC_RECEIVER_NOT_EXPORTED_PERMISSION"
14-->[androidx.core:core:1.9.0] AndroidManifest.xml:23:9-81
15        android:protectionLevel="signature" />
15-->[androidx.core:core:1.9.0] AndroidManifest.xml:24:9-44
16
17    <uses-permission android:name="com.pawnbroking.app.DYNAMIC_RECEIVER_NOT_EXPORTED_PERMISSION" />
17-->[androidx.core:core:1.9.0] AndroidManifest.xml:26:5-97
17-->[androidx.core:core:1.9.0] AndroidManifest.xml:26:22-94
18
19    <application
19-->src\main\AndroidManifest.xml:6:5-38:19
20        android:name="com.pawnbroking.app.PawnApp"
20-->src\main\AndroidManifest.xml:7:9-32
21        android:allowBackup="true"
21-->src\main\AndroidManifest.xml:8:9-35
22        android:appComponentFactory="androidx.core.app.CoreComponentFactory"
22-->[androidx.core:core:1.9.0] AndroidManifest.xml:28:18-86
23        android:debuggable="true"
24        android:extractNativeLibs="true"
25        android:icon="@mipmap/ic_launcher"
25-->src\main\AndroidManifest.xml:9:9-43
26        android:label="@string/app_name"
26-->src\main\AndroidManifest.xml:11:9-41
27        android:roundIcon="@mipmap/ic_launcher_round"
27-->src\main\AndroidManifest.xml:10:9-54
28        android:theme="@style/Theme.PawnApp"
28-->src\main\AndroidManifest.xml:12:9-45
29        android:usesCleartextTraffic="false" >
29-->src\main\AndroidManifest.xml:13:9-45
30        <activity
30-->src\main\AndroidManifest.xml:15:9-22:20
31            android:name="com.pawnbroking.app.SplashActivity"
31-->src\main\AndroidManifest.xml:16:13-43
32            android:exported="true" >
32-->src\main\AndroidManifest.xml:17:13-36
33            <intent-filter>
33-->src\main\AndroidManifest.xml:18:13-21:29
34                <action android:name="android.intent.action.MAIN" />
34-->src\main\AndroidManifest.xml:19:17-69
34-->src\main\AndroidManifest.xml:19:25-66
35
36                <category android:name="android.intent.category.LAUNCHER" />
36-->src\main\AndroidManifest.xml:20:17-77
36-->src\main\AndroidManifest.xml:20:27-74
37            </intent-filter>
38        </activity>
39        <activity
39-->src\main\AndroidManifest.xml:24:9-76
40            android:name="com.pawnbroking.app.LoginActivity"
40-->src\main\AndroidManifest.xml:24:19-48
41            android:exported="false" />
41-->src\main\AndroidManifest.xml:24:49-73
42        <activity
42-->src\main\AndroidManifest.xml:25:9-75
43            android:name="com.pawnbroking.app.HomeActivity"
43-->src\main\AndroidManifest.xml:25:19-47
44            android:exported="false" />
44-->src\main\AndroidManifest.xml:25:48-72
45        <activity
45-->src\main\AndroidManifest.xml:26:9-76
46            android:name="com.pawnbroking.app.BillsActivity"
46-->src\main\AndroidManifest.xml:26:19-48
47            android:exported="false" />
47-->src\main\AndroidManifest.xml:26:49-73
48        <activity
48-->src\main\AndroidManifest.xml:27:9-81
49            android:name="com.pawnbroking.app.BillDetailActivity"
49-->src\main\AndroidManifest.xml:27:19-53
50            android:exported="false" />
50-->src\main\AndroidManifest.xml:27:54-78
51        <activity
51-->src\main\AndroidManifest.xml:28:9-84
52            android:name="com.pawnbroking.app.TodaysAccountActivity"
52-->src\main\AndroidManifest.xml:28:19-56
53            android:exported="false" />
53-->src\main\AndroidManifest.xml:28:57-81
54        <activity
54-->src\main\AndroidManifest.xml:29:9-85
55            android:name="com.pawnbroking.app.AccountDetailActivity"
55-->src\main\AndroidManifest.xml:29:19-56
56            android:exported="false" />
56-->src\main\AndroidManifest.xml:29:58-82
57        <activity
57-->src\main\AndroidManifest.xml:30:9-85
58            android:name="com.pawnbroking.app.StockDetailsActivity"
58-->src\main\AndroidManifest.xml:30:19-55
59            android:exported="false" />
59-->src\main\AndroidManifest.xml:30:58-82
60        <activity
60-->src\main\AndroidManifest.xml:31:9-85
61            android:name="com.pawnbroking.app.MonthlyReportActivity"
61-->src\main\AndroidManifest.xml:31:19-56
62            android:exported="false" />
62-->src\main\AndroidManifest.xml:31:58-82
63        <activity
63-->src\main\AndroidManifest.xml:32:9-85
64            android:name="com.pawnbroking.app.TrialBalanceActivity"
64-->src\main\AndroidManifest.xml:32:19-55
65            android:exported="false" />
65-->src\main\AndroidManifest.xml:32:58-82
66        <activity
66-->src\main\AndroidManifest.xml:33:9-85
67            android:name="com.pawnbroking.app.CustomersActivity"
67-->src\main\AndroidManifest.xml:33:19-52
68            android:exported="false" />
68-->src\main\AndroidManifest.xml:33:58-82
69        <activity
69-->src\main\AndroidManifest.xml:34:9-86
70            android:name="com.pawnbroking.app.SettingsActivity"
70-->src\main\AndroidManifest.xml:34:19-51
71            android:exported="false" />
71-->src\main\AndroidManifest.xml:34:59-83
72        <activity
72-->src\main\AndroidManifest.xml:35:9-87
73            android:name="com.pawnbroking.app.BillingActivity"
73-->src\main\AndroidManifest.xml:35:19-50
74            android:exported="false" />
74-->src\main\AndroidManifest.xml:35:60-84
75        <activity
75-->src\main\AndroidManifest.xml:36:9-87
76            android:name="com.pawnbroking.app.NotificationsActivity"
76-->src\main\AndroidManifest.xml:36:19-56
77            android:exported="false" />
77-->src\main\AndroidManifest.xml:36:60-84
78
79        <meta-data
79-->[com.github.bumptech.glide:okhttp3-integration:4.16.0] AndroidManifest.xml:10:9-12:43
80            android:name="com.bumptech.glide.integration.okhttp3.OkHttpGlideModule"
80-->[com.github.bumptech.glide:okhttp3-integration:4.16.0] AndroidManifest.xml:11:13-84
81            android:value="GlideModule" />
81-->[com.github.bumptech.glide:okhttp3-integration:4.16.0] AndroidManifest.xml:12:13-40
82
83        <provider
83-->[androidx.emoji2:emoji2:1.2.0] AndroidManifest.xml:24:9-32:20
84            android:name="androidx.startup.InitializationProvider"
84-->[androidx.emoji2:emoji2:1.2.0] AndroidManifest.xml:25:13-67
85            android:authorities="com.pawnbroking.app.androidx-startup"
85-->[androidx.emoji2:emoji2:1.2.0] AndroidManifest.xml:26:13-68
86            android:exported="false" >
86-->[androidx.emoji2:emoji2:1.2.0] AndroidManifest.xml:27:13-37
87            <meta-data
87-->[androidx.emoji2:emoji2:1.2.0] AndroidManifest.xml:29:13-31:52
88                android:name="androidx.emoji2.text.EmojiCompatInitializer"
88-->[androidx.emoji2:emoji2:1.2.0] AndroidManifest.xml:30:17-75
89                android:value="androidx.startup" />
89-->[androidx.emoji2:emoji2:1.2.0] AndroidManifest.xml:31:17-49
90            <meta-data
90-->[androidx.lifecycle:lifecycle-process:2.6.1] AndroidManifest.xml:29:13-31:52
91                android:name="androidx.lifecycle.ProcessLifecycleInitializer"
91-->[androidx.lifecycle:lifecycle-process:2.6.1] AndroidManifest.xml:30:17-78
92                android:value="androidx.startup" />
92-->[androidx.lifecycle:lifecycle-process:2.6.1] AndroidManifest.xml:31:17-49
93            <meta-data
93-->[androidx.profileinstaller:profileinstaller:1.3.0] AndroidManifest.xml:29:13-31:52
94                android:name="androidx.profileinstaller.ProfileInstallerInitializer"
94-->[androidx.profileinstaller:profileinstaller:1.3.0] AndroidManifest.xml:30:17-85
95                android:value="androidx.startup" />
95-->[androidx.profileinstaller:profileinstaller:1.3.0] AndroidManifest.xml:31:17-49
96        </provider>
97
98        <receiver
98-->[androidx.profileinstaller:profileinstaller:1.3.0] AndroidManifest.xml:34:9-52:20
99            android:name="androidx.profileinstaller.ProfileInstallReceiver"
99-->[androidx.profileinstaller:profileinstaller:1.3.0] AndroidManifest.xml:35:13-76
100            android:directBootAware="false"
100-->[androidx.profileinstaller:profileinstaller:1.3.0] AndroidManifest.xml:36:13-44
101            android:enabled="true"
101-->[androidx.profileinstaller:profileinstaller:1.3.0] AndroidManifest.xml:37:13-35
102            android:exported="true"
102-->[androidx.profileinstaller:profileinstaller:1.3.0] AndroidManifest.xml:38:13-36
103            android:permission="android.permission.DUMP" >
103-->[androidx.profileinstaller:profileinstaller:1.3.0] AndroidManifest.xml:39:13-57
104            <intent-filter>
104-->[androidx.profileinstaller:profileinstaller:1.3.0] AndroidManifest.xml:40:13-42:29
105                <action android:name="androidx.profileinstaller.action.INSTALL_PROFILE" />
105-->[androidx.profileinstaller:profileinstaller:1.3.0] AndroidManifest.xml:41:17-91
105-->[androidx.profileinstaller:profileinstaller:1.3.0] AndroidManifest.xml:41:25-88
106            </intent-filter>
107            <intent-filter>
107-->[androidx.profileinstaller:profileinstaller:1.3.0] AndroidManifest.xml:43:13-45:29
108                <action android:name="androidx.profileinstaller.action.SKIP_FILE" />
108-->[androidx.profileinstaller:profileinstaller:1.3.0] AndroidManifest.xml:44:17-85
108-->[androidx.profileinstaller:profileinstaller:1.3.0] AndroidManifest.xml:44:25-82
109            </intent-filter>
110            <intent-filter>
110-->[androidx.profileinstaller:profileinstaller:1.3.0] AndroidManifest.xml:46:13-48:29
111                <action android:name="androidx.profileinstaller.action.SAVE_PROFILE" />
111-->[androidx.profileinstaller:profileinstaller:1.3.0] AndroidManifest.xml:47:17-88
111-->[androidx.profileinstaller:profileinstaller:1.3.0] AndroidManifest.xml:47:25-85
112            </intent-filter>
113            <intent-filter>
113-->[androidx.profileinstaller:profileinstaller:1.3.0] AndroidManifest.xml:49:13-51:29
114                <action android:name="androidx.profileinstaller.action.BENCHMARK_OPERATION" />
114-->[androidx.profileinstaller:profileinstaller:1.3.0] AndroidManifest.xml:50:17-95
114-->[androidx.profileinstaller:profileinstaller:1.3.0] AndroidManifest.xml:50:25-92
115            </intent-filter>
116        </receiver>
117    </application>
118
119</manifest>